<?xml version="1.0" encoding="UTF-8"?>
<!-- Generated by org.testng.reporters.JUnitXMLReporter -->
<testsuite ignored="0" hostname="abc-PC" failures="0" tests="5" name="Test" time="97.361" errors="0" timestamp="12 Dec 2020 17:08:10 GMT">
  <testcase classname="testcases.HomePageTest" name="newcontacttest" time="7.469"/>
  <testcase classname="testcases.HomePageTest" name="newcontacttest" time="3.829"/>
  <testcase classname="testcases.HomePageTest" name="newcontacttest" time="3.872"/>
  <testcase classname="testcases.LoginTestcase" name="checkpagetitletest" time="0.059"/>
  <testcase classname="testcases.LoginTestcase" name="logintest" time="2.458"/>
</testsuite> <!-- Test -->
