<?xml version="1.0" encoding="UTF-8" ?>
<testsuite tests="9" failures="1" name="testcases.HomePageTest" time="1,292.997" errors="0" skipped="8">
  <properties>
[...]
</properties>
  <testcase classname="testcases.HomePageTest" name="setup" time="143.664">
    <failure message="timeout: Timed out receiving message from renderer: 15.735
  (Session info: chrome=87.0.4280.88)
Build info: version: &apos;3.141.59&apos;, revision: &apos;e82be7d358&apos;, time: &apos;2018-11-14T08:17:03&apos;
System info: host: &apos;ABC-PC&apos;, ip: &apos;192.168.2.64&apos;, os.name: &apos;Windows 7&apos;, os.arch: &apos;amd64&apos;, os.version: &apos;6.1&apos;, java.version: &apos;11.0.8&apos;
Driver info: org.openqa.selenium.chrome.ChromeDriver
Capabilities {acceptInsecureCerts: false, browserName: chrome, browserVersion: 87.0.4280.88, chrome: {chromedriverVersion: 86.0.4240.22 (398b0743353ff..., userDataDir: C:\Users\abc\AppData\Local\...}, goog:chromeOptions: {debuggerAddress: localhost:50933}, javascriptEnabled: true, networkConnectionEnabled: false, pageLoadStrategy: normal, platform: WINDOWS, platformName: WINDOWS, proxy: Proxy(), setWindowRect: true, strictFileInteractability: false, timeouts: {implicit: 0, pageLoad: 300000, script: 30000}, unhandledPromptBehavior: dismiss and notify, webauthn:virtualAuthenticators: true}
Session ID: bdf8c5c66a90ad615f88bdd1e4b8883d" type="org.openqa.selenium.TimeoutException">org.openqa.selenium.TimeoutException: timeout: Timed out receiving message from renderer: 15.735
  (Session info: chrome=87.0.4280.88)
Build info: version: &apos;3.141.59&apos;, revision: &apos;e82be7d358&apos;, time: &apos;2018-11-14T08:17:03&apos;
System info: host: &apos;ABC-PC&apos;, ip: &apos;192.168.2.64&apos;, os.name: &apos;Windows 7&apos;, os.arch: &apos;amd64&apos;, os.version: &apos;6.1&apos;, java.version: &apos;11.0.8&apos;
Driver info: org.openqa.selenium.chrome.ChromeDriver
Capabilities {acceptInsecureCerts: false, browserName: chrome, browserVersion: 87.0.4280.88, chrome: {chromedriverVersion: 86.0.4240.22 (398b0743353ff..., userDataDir: C:\Users\abc\AppData\Local\...}, goog:chromeOptions: {debuggerAddress: localhost:50933}, javascriptEnabled: true, networkConnectionEnabled: false, pageLoadStrategy: normal, platform: WINDOWS, platformName: WINDOWS, proxy: Proxy(), setWindowRect: true, strictFileInteractability: false, timeouts: {implicit: 0, pageLoad: 300000, script: 30000}, unhandledPromptBehavior: dismiss and notify, webauthn:virtualAuthenticators: true}
Session ID: bdf8c5c66a90ad615f88bdd1e4b8883d
	at java.base/jdk.internal.reflect.NativeConstructorAccessorImpl.newInstance0(Native Method)
	at java.base/jdk.internal.reflect.NativeConstructorAccessorImpl.newInstance(NativeConstructorAccessorImpl.java:62)
	at java.base/jdk.internal.reflect.DelegatingConstructorAccessorImpl.newInstance(DelegatingConstructorAccessorImpl.java:45)
	at java.base/java.lang.reflect.Constructor.newInstance(Constructor.java:490)
	at org.openqa.selenium.remote.http.W3CHttpResponseCodec.createException(W3CHttpResponseCodec.java:187)
	at org.openqa.selenium.remote.http.W3CHttpResponseCodec.decode(W3CHttpResponseCodec.java:122)
	at org.openqa.selenium.remote.http.W3CHttpResponseCodec.decode(W3CHttpResponseCodec.java:49)
	at org.openqa.selenium.remote.HttpCommandExecutor.execute(HttpCommandExecutor.java:158)
	at org.openqa.selenium.remote.service.DriverCommandExecutor.execute(DriverCommandExecutor.java:83)
	at org.openqa.selenium.remote.RemoteWebDriver.execute(RemoteWebDriver.java:552)
	at org.openqa.selenium.remote.RemoteWebDriver.get(RemoteWebDriver.java:277)
	at java.base/jdk.internal.reflect.NativeMethodAccessorImpl.invoke0(Native Method)
	at java.base/jdk.internal.reflect.NativeMethodAccessorImpl.invoke(NativeMethodAccessorImpl.java:62)
	at java.base/jdk.internal.reflect.DelegatingMethodAccessorImpl.invoke(DelegatingMethodAccessorImpl.java:43)
	at java.base/java.lang.reflect.Method.invoke(Method.java:566)
	at org.openqa.selenium.support.events.EventFiringWebDriver.lambda$new$1(EventFiringWebDriver.java:105)
	at com.sun.proxy.$Proxy8.get(Unknown Source)
	at org.openqa.selenium.support.events.EventFiringWebDriver.get(EventFiringWebDriver.java:165)
	at testbase.TestBase.intilizaion(TestBase.java:63)
	at testcases.HomePageTest.setup(HomePageTest.java:27)
</failure>
    <system-out>Configuring TestNG with: org.apache.maven.surefire.testng.conf.TestNG652Configurator@63e2203c
ankit
gajera
amazon
Pratik
Goswami
yvr4
Bhumi
Patel
Vadapau
Before navigating to: &apos;https://ui.freecrm.com/&apos;
Exception occured: org.openqa.selenium.TimeoutException: timeout: Timed out receiving message from renderer: 15.735
  (Session info: chrome=87.0.4280.88)
Build info: version: &apos;3.141.59&apos;, revision: &apos;e82be7d358&apos;, time: &apos;2018-11-14T08:17:03&apos;
System info: host: &apos;ABC-PC&apos;, ip: &apos;192.168.2.64&apos;, os.name: &apos;Windows 7&apos;, os.arch: &apos;amd64&apos;, os.version: &apos;6.1&apos;, java.version: &apos;11.0.8&apos;
Driver info: org.openqa.selenium.chrome.ChromeDriver
Capabilities {acceptInsecureCerts: false, browserName: chrome, browserVersion: 87.0.4280.88, chrome: {chromedriverVersion: 86.0.4240.22 (398b0743353ff..., userDataDir: C:\Users\abc\AppData\Local\...}, goog:chromeOptions: {debuggerAddress: localhost:50933}, javascriptEnabled: true, networkConnectionEnabled: false, pageLoadStrategy: normal, platform: WINDOWS, platformName: WINDOWS, proxy: Proxy(), setWindowRect: true, strictFileInteractability: false, timeouts: {implicit: 0, pageLoad: 300000, script: 30000}, unhandledPromptBehavior: dismiss and notify, webauthn:virtualAuthenticators: true}
Session ID: bdf8c5c66a90ad615f88bdd1e4b8883d
</system-out>
    <system-err>Starting ChromeDriver 86.0.4240.22 (398b0743353ff36fb1b82468f63a3a93b4e2e89e-refs/branch-heads/4240@{#378}) on port 1413
Only local connections are allowed.
Please see https://chromedriver.chromium.org/security-considerations for suggestions on keeping ChromeDriver safe.
ChromeDriver was started successfully.
[1607810313.666][WARNING]: This version of ChromeDriver has not been tested with Chrome version 87.
Dec 13, 2020 3:29:00 AM org.openqa.selenium.remote.ProtocolHandshake createSession
INFO: Detected dialect: W3C
[1607810363.452][SEVERE]: Timed out receiving message from renderer: 15.735
[1607810363.480][SEVERE]: Timed out receiving message from renderer: 15.735
</system-err>
  </testcase>
  <testcase classname="testcases.HomePageTest" name="newcontacttest" time="143.666">
    <skipped/>
  </testcase>
  <testcase classname="testcases.HomePageTest" name="quit" time="143.666">
    <skipped/>
  </testcase>
  <testcase classname="testcases.HomePageTest" name="setup" time="143.666">
    <skipped/>
  </testcase>
  <testcase classname="testcases.HomePageTest" name="newcontacttest" time="143.667">
    <skipped/>
  </testcase>
  <testcase classname="testcases.HomePageTest" name="quit" time="143.667">
    <skipped/>
  </testcase>
  <testcase classname="testcases.HomePageTest" name="setup" time="143.667">
    <skipped/>
  </testcase>
  <testcase classname="testcases.HomePageTest" name="newcontacttest" time="143.667">
    <skipped/>
  </testcase>
  <testcase classname="testcases.HomePageTest" name="quit" time="143.667">
    <skipped/>
  </testcase>
</testsuite>