<?xml version="1.0" encoding="UTF-8"?>
<testng-results ignored="0" total="5" passed="5" failed="0" skipped="0">
  <reporter-output>
  </reporter-output>
  <suite started-at="2020-12-12T17:06:32Z" name="Suite" finished-at="2020-12-12T17:08:10Z" duration-ms="97361">
    <groups>
    </groups>
    <test started-at="2020-12-12T17:06:32Z" name="Test" finished-at="2020-12-12T17:08:10Z" duration-ms="97361">
      <class name="testcases.HomePageTest">
        <test-method is-config="true" signature="setup()[pri:0, instance:testcases.HomePageTest@1df82230]" started-at="2020-12-12T17:06:36Z" name="setup" finished-at="2020-12-12T17:07:18Z" duration-ms="42598" status="PASS">
          <reporter-output>
          </reporter-output>
        </test-method> <!-- setup -->
        <test-method signature="newcontacttest(java.lang.String, java.lang.String, java.lang.String)[pri:0, instance:testcases.HomePageTest@1df82230]" started-at="2020-12-12T17:07:18Z" name="newcontacttest" data-provider="getdata" finished-at="2020-12-12T17:07:26Z" duration-ms="7469" status="PASS">
          <params>
            <param index="0">
              <value>
                <![CDATA[ankit]]>
              </value>
            </param>
            <param index="1">
              <value>
                <![CDATA[gajera]]>
              </value>
            </param>
            <param index="2">
              <value>
                <![CDATA[amazon]]>
              </value>
            </param>
          </params>
          <reporter-output>
          </reporter-output>
        </test-method> <!-- newcontacttest -->
        <test-method is-config="true" signature="quit()[pri:0, instance:testcases.HomePageTest@1df82230]" started-at="2020-12-12T17:07:26Z" name="quit" finished-at="2020-12-12T17:07:27Z" duration-ms="924" status="PASS">
          <reporter-output>
          </reporter-output>
        </test-method> <!-- quit -->
        <test-method is-config="true" signature="setup()[pri:0, instance:testcases.HomePageTest@1df82230]" started-at="2020-12-12T17:07:27Z" name="setup" finished-at="2020-12-12T17:07:36Z" duration-ms="9364" status="PASS">
          <reporter-output>
          </reporter-output>
        </test-method> <!-- setup -->
        <test-method signature="newcontacttest(java.lang.String, java.lang.String, java.lang.String)[pri:0, instance:testcases.HomePageTest@1df82230]" started-at="2020-12-12T17:07:36Z" name="newcontacttest" data-provider="getdata" finished-at="2020-12-12T17:07:40Z" duration-ms="3829" status="PASS">
          <params>
            <param index="0">
              <value>
                <![CDATA[Pratik]]>
              </value>
            </param>
            <param index="1">
              <value>
                <![CDATA[Goswami]]>
              </value>
            </param>
            <param index="2">
              <value>
                <![CDATA[yvr4]]>
              </value>
            </param>
          </params>
          <reporter-output>
          </reporter-output>
        </test-method> <!-- newcontacttest -->
        <test-method is-config="true" signature="quit()[pri:0, instance:testcases.HomePageTest@1df82230]" started-at="2020-12-12T17:07:40Z" name="quit" finished-at="2020-12-12T17:07:41Z" duration-ms="720" status="PASS">
          <reporter-output>
          </reporter-output>
        </test-method> <!-- quit -->
        <test-method is-config="true" signature="setup()[pri:0, instance:testcases.HomePageTest@1df82230]" started-at="2020-12-12T17:07:41Z" name="setup" finished-at="2020-12-12T17:07:48Z" duration-ms="7477" status="PASS">
          <reporter-output>
          </reporter-output>
        </test-method> <!-- setup -->
        <test-method signature="newcontacttest(java.lang.String, java.lang.String, java.lang.String)[pri:0, instance:testcases.HomePageTest@1df82230]" started-at="2020-12-12T17:07:48Z" name="newcontacttest" data-provider="getdata" finished-at="2020-12-12T17:07:52Z" duration-ms="3872" status="PASS">
          <params>
            <param index="0">
              <value>
                <![CDATA[Bhumi]]>
              </value>
            </param>
            <param index="1">
              <value>
                <![CDATA[Patel]]>
              </value>
            </param>
            <param index="2">
              <value>
                <![CDATA[Vadapau]]>
              </value>
            </param>
          </params>
          <reporter-output>
          </reporter-output>
        </test-method> <!-- newcontacttest -->
        <test-method is-config="true" signature="quit()[pri:0, instance:testcases.HomePageTest@1df82230]" started-at="2020-12-12T17:07:52Z" name="quit" finished-at="2020-12-12T17:07:53Z" duration-ms="679" status="PASS">
          <reporter-output>
          </reporter-output>
        </test-method> <!-- quit -->
      </class> <!-- testcases.HomePageTest -->
      <class name="testcases.LoginTestcase">
        <test-method is-config="true" signature="setup()[pri:0, instance:testcases.LoginTestcase@79ad8b2f]" started-at="2020-12-12T17:07:53Z" name="setup" finished-at="2020-12-12T17:07:59Z" duration-ms="6589" status="PASS">
          <reporter-output>
          </reporter-output>
        </test-method> <!-- setup -->
        <test-method signature="checkpagetitletest()[pri:1, instance:testcases.LoginTestcase@79ad8b2f]" started-at="2020-12-12T17:07:59Z" name="checkpagetitletest" finished-at="2020-12-12T17:07:59Z" duration-ms="59" status="PASS">
          <reporter-output>
          </reporter-output>
        </test-method> <!-- checkpagetitletest -->
        <test-method is-config="true" signature="quit()[pri:0, instance:testcases.LoginTestcase@79ad8b2f]" started-at="2020-12-12T17:07:59Z" name="quit" finished-at="2020-12-12T17:08:00Z" duration-ms="831" status="PASS">
          <reporter-output>
          </reporter-output>
        </test-method> <!-- quit -->
        <test-method is-config="true" signature="setup()[pri:0, instance:testcases.LoginTestcase@79ad8b2f]" started-at="2020-12-12T17:08:00Z" name="setup" finished-at="2020-12-12T17:08:06Z" duration-ms="5801" status="PASS">
          <reporter-output>
          </reporter-output>
        </test-method> <!-- setup -->
        <test-method signature="logintest()[pri:2, instance:testcases.LoginTestcase@79ad8b2f]" started-at="2020-12-12T17:08:06Z" name="logintest" finished-at="2020-12-12T17:08:09Z" duration-ms="2458" status="PASS">
          <reporter-output>
          </reporter-output>
        </test-method> <!-- logintest -->
        <test-method is-config="true" signature="quit()[pri:0, instance:testcases.LoginTestcase@79ad8b2f]" started-at="2020-12-12T17:08:09Z" name="quit" finished-at="2020-12-12T17:08:10Z" duration-ms="1057" status="PASS">
          <reporter-output>
          </reporter-output>
        </test-method> <!-- quit -->
      </class> <!-- testcases.LoginTestcase -->
    </test> <!-- Test -->
  </suite> <!-- Suite -->
</testng-results>
